2025-12-25 23:20:08.330153: I external/local_tsl/tsl/cuda/cudart_stub.cc:32] Could not find cuda drivers on your machine, GPU will not be used.
2025-12-25 23:20:08.615071: I external/local_tsl/tsl/cuda/cudart_stub.cc:32] Could not find cuda drivers on your machine, GPU will not be used.
2025-12-25 23:20:10.713496: I tensorflow/core/platform/cpu_feature_guard.cc:210] This TensorFlow binary is optimized to use available CPU instructions in performance-critical operations.
To enable the following instructions: AVX2 FMA, in other operations, rebuild TensorFlow with the appropriate compiler flags.
/usr/local/lib/python3.10/dist-packages/google/api_core/_python_version_support.py:266: FutureWarning: You are using a Python version (3.10.12) which Google will stop supporting in new releases of google.api_core once it reaches its end of life (2026-10-04). Please upgrade to the latest Python version, or at least Python 3.11, to continue receiving updates for google.api_core past that date.
  warnings.warn(message, FutureWarning)
2025-12-25 23:20:13.789736: W tensorflow/compiler/tf2tensorrt/utils/py_utils.cc:38] TF-TRT Warning: Could not find TensorRT
============================================================
MT INFERENCE DEMO
============================================================

Loading test samples from: /root/motrola_assignment/data/processed/test.jsonl
Loaded 20 test samples

----------------------------------------
Translating with MarianMT baseline...
----------------------------------------
Loading MarianMT model...

📝 Sample Translations:
----------------------------------------

[1] Source: 256GB built-inUFS 3.1 + LPDDR5"...
    Reference: 256 GB ingebouwdUFS 3.1 + LPDDR5...
    Hypothesis: 256GB ingebouwde HUF's 3.1 + LPDDR5"...

[2] Source: Snap crystal-clear photos and selfies in any light with a 64MP external camera a...
    Reference: Maak kristalheldere foto's en selfies bij elk licht met een externe 64MP-camera ...
    Hypothesis: Snap kristalheldere foto's en selfies in elk licht met een 64MP externe camera e...

[3] Source: 30W TurboPower™ charging support*sold separately5W wireless charging support*sol...
    Reference: Ondersteuning voor TurboPower™ laden met 30 W{1}*apart verkocht{2}Ondersteuning ...
    Hypothesis: 30W TurboPowerTM laadondersteuning* afzonderlijk verkocht5W draadloze laadonders...

[4] Source: {1}Update window: From {2} to {3}...
    Reference: {1}Updateperiode: van {2} tot {3}...
    Hypothesis: {1}Venster bijwerken: van {2} naar {3}...

[5] Source: Or leave now and get a reminder....
    Reference: Of sluit af en ontvangen een herinnering....
    Hypothesis: Of vertrek nu en vraag om een herinnering....

----------------------------------------
Computing Metrics...
----------------------------------------

📊 Results on 20 Software Domain Samples:
   BLEU:   33.47
   chrF++: 59.34
   TER:    51.85

✅ Results saved to: /root/motrola_assignment/outputs/inference_demo/demo_results.json

============================================================
KEY OBSERVATIONS
============================================================

1. BASELINE PERFORMANCE:
   - The pre-trained MarianMT achieves reasonable BLEU on software domain
   - Model handles technical terms but struggles with placeholders like {1}, {2}
   
2. EXPECTED IMPROVEMENTS WITH FINE-TUNING:
   - Domain-specific vocabulary (TurboPower™, OIS, Quad Pixel)
   - Placeholder preservation ({1}, {2}, etc.)
   - Software UI terminology consistency
   
3. CHALLENGE 2 STATUS:
   - Dataset_Challenge_2.xlsx (Spanish QE data) is MISSING
   - Cannot proceed with Quality Estimation task without this data

